<?xml version="1.0" encoding="UTF-8"?>
<coverage generated="1675479413551" clover="3.2.0">
  <project timestamp="1675479413552" name="All files">
    <metrics statements="10" coveredstatements="4" conditionals="0" coveredconditionals="0" methods="2" coveredmethods="0" elements="12" coveredelements="4" complexity="0" loc="10" ncloc="10" packages="1" files="3" classes="3"/>
    <file name="user.repository.ts" path="C:\projects\MozArte\V2\mozart-backend\src\app\users\user.repository.ts">
      <metrics statements="6" coveredstatements="0" conditionals="0" coveredconditionals="0" methods="2" coveredmethods="0"/>
      <line num="1" count="0" type="stmt"/>
      <line num="3" count="0" type="stmt"/>
      <line num="6" count="0" type="stmt"/>
      <line num="7" count="0" type="stmt"/>
      <line num="10" count="0" type="stmt"/>
      <line num="17" count="0" type="stmt"/>
    </file>
    <file name="users.controller.ts" path="C:\projects\MozArte\V2\mozart-backend\src\app\users\users.controller.ts">
      <metrics statements="2" coveredstatements="2" conditionals="0" coveredconditionals="0" methods="0" coveredmethods="0"/>
      <line num="1" count="1" type="stmt"/>
      <line num="4" count="1" type="stmt"/>
    </file>
    <file name="users.service.ts" path="C:\projects\MozArte\V2\mozart-backend\src\app\users\users.service.ts">
      <metrics statements="2" coveredstatements="2" conditionals="0" coveredconditionals="0" methods="0" coveredmethods="0"/>
      <line num="1" count="1" type="stmt"/>
      <line num="4" count="1" type="stmt"/>
    </file>
  </project>
</coverage>
